Jul 07, 2019 11:37:52 PM main.java.views.dashboard.DashboardFrame$1 actionPerformed
INFO: Sign Out: aaa, Role: Manager
Jul 07, 2019 11:40:34 PM main.java.controllers.ReportControl writeLogger
INFO: Login: aaa, Role: Manager
Jul 07, 2019 11:40:36 PM main.java.controllers.ReportControl writeLogger
INFO: Sign Out: aaa, Role: Manager
Jul 07, 2019 11:40:59 PM main.java.controllers.ReportControl writeLogger
INFO: Login: aaa, Role: Manager
Jul 07, 2019 11:41:01 PM main.java.controllers.ReportControl writeLogger
INFO: Sign Out: aaa, Role: Manager
Jul 07, 2019 11:45:33 PM main.java.controllers.ReportControl writeLogger
INFO: Login: aaa, Role: Manager
Jul 07, 2019 11:47:20 PM main.java.controllers.ReportControl writeLogger
INFO: System Exit
Jul 07, 2019 11:51:25 PM main.java.controllers.ReportControl writeLogger
INFO: System Run
Jul 07, 2019 11:51:30 PM main.java.controllers.ReportControl writeLogger
INFO: Login: aaa, Role: Manager
Jul 07, 2019 11:51:35 PM main.java.controllers.ReportControl writeLogger
INFO: System Exit
Jul 08, 2019 12:40:01 AM main.java.controllers.ReportControl writeLogger
INFO: System Run
Jul 08, 2019 12:40:04 AM main.java.controllers.ReportControl writeLogger
INFO: Login: aaa, Role: Manager
Jul 08, 2019 12:40:21 AM main.java.controllers.ReportControl writeLogger
INFO: System Run
Jul 08, 2019 12:40:24 AM main.java.controllers.ReportControl writeLogger
INFO: Login: aaa, Role: Manager
Jul 08, 2019 12:40:25 AM main.java.controllers.ReportControl writeLogger
INFO: System Exit
Jul 08, 2019 12:45:01 AM main.java.controllers.ReportControl writeLogger
INFO: System Run
Jul 08, 2019 12:45:04 AM main.java.controllers.ReportControl writeLogger
INFO: Login: aaa, Role: Manager
Jul 08, 2019 12:45:10 AM main.java.controllers.ReportControl writeLogger
INFO: System Run
Jul 08, 2019 12:45:14 AM main.java.controllers.ReportControl writeLogger
INFO: Login: aaa, Role: Manager
Jul 08, 2019 12:45:49 AM main.java.controllers.ReportControl writeLogger
INFO: System Run
Jul 08, 2019 12:45:52 AM main.java.controllers.ReportControl writeLogger
INFO: Login: aaa, Role: Manager
Jul 08, 2019 12:49:26 AM main.java.controllers.ReportControl writeLogger
INFO: System Run
Jul 08, 2019 12:49:29 AM main.java.controllers.ReportControl writeLogger
INFO: Login: aaa, Role: Manager
Jul 08, 2019 12:50:40 AM main.java.controllers.ReportControl writeLogger
INFO: System Run
Jul 08, 2019 12:50:43 AM main.java.controllers.ReportControl writeLogger
INFO: Login: aaa, Role: Manager
Jul 08, 2019 1:08:31 AM main.Main writeLogger
INFO: System Run
Jul 08, 2019 1:08:39 AM main.java.views.users.LoginFrame writeLogger
INFO: Login: aaa, Role: Manager
Jul 08, 2019 1:08:41 AM main.java.views.dashboard.DashboardFrame writeLogger
INFO: Sign Out: aaa, Role: Manager
Jul 08, 2019 1:19:55 AM main.Main main
INFO: System Run
Jul 08, 2019 1:19:58 AM main.java.views.users.LoginFrame$1 actionPerformed
INFO: Login: aaa, Role: Manager
Jul 08, 2019 1:21:02 AM main.Main main
INFO: System Run
Jul 08, 2019 1:21:05 AM main.java.views.users.LoginFrame$1 actionPerformed
INFO: Login: aaa, Role: Manager
Jul 08, 2019 1:21:35 AM main.Main main
INFO: System Run
Jul 08, 2019 1:21:37 AM main.java.views.users.LoginFrame$1 actionPerformed
INFO: Login: aaa, Role: Manager
Jul 08, 2019 1:22:15 AM main.Main main
INFO: System Run
Jul 08, 2019 1:22:18 AM main.java.views.users.LoginFrame$1 actionPerformed
INFO: Login: aaa, Role: Manager
Jul 08, 2019 1:22:24 AM main.java.views.users.LoginFrame$1 actionPerformed
INFO: Login: aaa, Role: Manager
Jul 08, 2019 8:52:06 AM main.Main main
INFO: System Run
Jul 08, 2019 8:57:41 AM main.Main main
INFO: System Run
Jul 08, 2019 8:57:44 AM main.java.views.users.LoginFrame$1 windowClosing
INFO: System Exit
Jul 08, 2019 9:04:23 AM main.Main main
INFO: System Run
Jul 08, 2019 9:04:27 AM main.java.views.users.LoginFrame$2 actionPerformed
INFO: Login: aaa, Role: Manager
Jul 08, 2019 9:05:04 AM main.Main main
INFO: System Run
Jul 08, 2019 9:05:06 AM main.java.views.users.LoginFrame$2 actionPerformed
INFO: Login: aaa, Role: Manager
Jul 08, 2019 9:07:23 AM main.Main main
INFO: System Run
Jul 08, 2019 9:07:26 AM main.java.views.users.LoginFrame$2 actionPerformed
INFO: Login: aaa, Role: Manager
Jul 08, 2019 9:13:52 AM main.Main main
INFO: System Run
Jul 08, 2019 9:13:55 AM main.java.views.users.LoginFrame$2 actionPerformed
INFO: Login: aaa, Role: Manager
Jul 08, 2019 9:16:05 AM main.Main main
INFO: System Run
Jul 08, 2019 9:16:08 AM main.java.views.users.LoginFrame$2 actionPerformed
INFO: Login: aaa, Role: Manager
Jul 08, 2019 9:16:18 AM main.java.views.users.LoginFrame$2 actionPerformed
INFO: Login: aaa, Role: Manager
Jul 08, 2019 9:16:36 AM main.java.views.users.LoginFrame$2 actionPerformed
INFO: Login: aaa, Role: Manager
Jul 08, 2019 9:17:37 AM main.Main main
INFO: System Run
Jul 08, 2019 9:17:40 AM main.java.views.users.LoginFrame$2 actionPerformed
INFO: Login: aaa, Role: Manager
Jul 08, 2019 9:25:26 AM main.Main main
INFO: System Run
Jul 08, 2019 9:25:28 AM main.java.views.users.LoginFrame$2 actionPerformed
INFO: Login: aaa, Role: Manager
Jul 08, 2019 9:26:58 AM main.Main main
INFO: System Run
Jul 08, 2019 9:27:27 AM main.java.views.users.LoginFrame$1 windowClosing
INFO: System Exit
Jul 08, 2019 9:33:12 AM main.Main main
INFO: System Run
Jul 08, 2019 9:33:15 AM main.java.views.users.LoginFrame$2 actionPerformed
INFO: Login: aaa, Role: Manager
Jul 08, 2019 9:35:08 AM main.Main main
INFO: System Run
Jul 08, 2019 9:35:10 AM main.java.views.users.LoginFrame$2 actionPerformed
INFO: Login: aaa, Role: Manager
Jul 08, 2019 9:45:57 AM main.Main main
INFO: System Run
Jul 08, 2019 9:46:00 AM main.java.views.users.LoginFrame$2 actionPerformed
INFO: Login: aaa, Role: Manager
Jul 08, 2019 9:46:30 AM main.java.views.users.LoginFrame$2 actionPerformed
INFO: Login: cc, Role: Staff
Jul 08, 2019 9:48:54 AM main.Main main
INFO: System Run
Jul 08, 2019 9:48:58 AM main.java.views.users.LoginFrame$2 actionPerformed
INFO: Login: aaa, Role: Manager
Jul 08, 2019 9:49:10 AM main.java.views.users.LoginFrame$2 actionPerformed
INFO: Login: cc, Role: Staff
Jul 08, 2019 9:51:17 AM main.Main main
INFO: System Run
Jul 08, 2019 9:51:20 AM main.java.views.users.LoginFrame$2 actionPerformed
INFO: Login: aaa, Role: Manager
Jul 08, 2019 9:51:42 AM main.Main main
INFO: System Run
Jul 08, 2019 9:51:45 AM main.java.views.users.LoginFrame$2 actionPerformed
INFO: Login: aaa, Role: Manager
Jul 08, 2019 9:52:33 AM main.java.views.dashboard.DashboardFrame$1 windowClosing
INFO: System Exit
Jul 08, 2019 9:52:39 AM main.Main main
INFO: System Run
Jul 08, 2019 9:52:41 AM main.java.views.users.LoginFrame$2 actionPerformed
INFO: Login: aaa, Role: Manager
Jul 08, 2019 10:29:54 AM main.Main main
INFO: System Run
Jul 08, 2019 10:29:59 AM main.java.views.users.LoginFrame$2 actionPerformed
INFO: Login: aaa, Role: Manager
Jul 08, 2019 10:31:14 AM main.Main main
INFO: System Run
Jul 08, 2019 10:31:18 AM main.java.views.users.LoginFrame$2 actionPerformed
INFO: Login: aaa, Role: Manager
Jul 08, 2019 10:33:21 AM main.Main main
INFO: System Run
Jul 08, 2019 10:33:25 AM main.java.views.users.LoginFrame$2 actionPerformed
INFO: Login: aaa, Role: Manager
Jul 08, 2019 10:36:52 AM main.Main main
INFO: System Run
Jul 08, 2019 10:36:55 AM main.java.views.users.LoginFrame$2 actionPerformed
INFO: Login: aaa, Role: Manager
Jul 08, 2019 10:37:35 AM main.java.views.dashboard.DashboardFrame$1 windowClosing
INFO: System Exit
Jul 08, 2019 11:04:06 AM main.Main main
INFO: System Run
Jul 08, 2019 11:04:09 AM main.java.views.users.LoginFrame$2 actionPerformed
INFO: Login: aaa, Role: Manager
Jul 08, 2019 11:06:06 AM main.Main main
INFO: System Run
Jul 08, 2019 11:06:09 AM main.java.views.users.LoginFrame$2 actionPerformed
INFO: Login: aaa, Role: Manager
Jul 08, 2019 11:06:23 AM main.java.views.users.LoginFrame$2 actionPerformed
INFO: Login: cc, Role: Staff
Jul 08, 2019 11:06:35 AM main.java.views.users.LoginFrame$2 actionPerformed
INFO: Login: aaa, Role: Manager
Jul 08, 2019 11:08:08 AM main.Main main
INFO: System Run
Jul 08, 2019 11:08:18 AM main.java.views.users.LoginFrame$2 actionPerformed
INFO: Login: aaa, Role: Manager
Jul 08, 2019 11:10:38 AM main.Main main
INFO: System Run
Jul 08, 2019 11:10:41 AM main.java.views.users.LoginFrame$2 actionPerformed
INFO: Login: aaa, Role: Manager
Jul 08, 2019 1:33:21 PM main.Main main
INFO: System Run
Jul 08, 2019 1:33:31 PM main.java.views.users.LoginFrame$2 actionPerformed
INFO: Login: aaa, Role: Manager
Jul 08, 2019 2:03:12 PM main.Main main
INFO: System Run
Jul 08, 2019 2:03:15 PM main.java.views.users.LoginFrame$2 actionPerformed
INFO: Login: aaa, Role: Manager
Jul 08, 2019 2:06:08 PM main.Main main
INFO: System Run
Jul 08, 2019 2:06:11 PM main.java.views.users.LoginFrame$2 actionPerformed
INFO: Login: aaa, Role: Manager
Jul 08, 2019 2:06:41 PM main.Main main
INFO: System Run
Jul 08, 2019 2:06:43 PM main.java.views.users.LoginFrame$2 actionPerformed
INFO: Login: aaa, Role: Manager
Jul 08, 2019 2:07:12 PM main.Main main
INFO: System Run
Jul 08, 2019 2:07:15 PM main.java.views.users.LoginFrame$2 actionPerformed
INFO: Login: aaa, Role: Manager
Jul 08, 2019 2:30:27 PM main.Main main
INFO: System Run
Jul 08, 2019 2:31:27 PM main.java.views.users.LoginFrame$1 windowClosing
INFO: System Exit
Jul 08, 2019 3:31:51 PM main.Main main
INFO: System Run
Jul 08, 2019 3:31:54 PM main.java.views.users.LoginFrame$2 actionPerformed
INFO: Login: aaa, Role: Manager
Jul 08, 2019 5:05:01 PM main.Main main
INFO: System Run
Jul 08, 2019 5:05:14 PM main.java.views.users.LoginFrame$2 actionPerformed
INFO: Login: aaa, Role: Manager
Jul 08, 2019 5:54:10 PM main.Main main
INFO: System Run
Jul 08, 2019 5:54:15 PM main.java.views.users.LoginFrame$2 actionPerformed
INFO: Login: aaa, Role: Manager
Jul 08, 2019 6:57:22 PM main.Main main
INFO: System Run
Jul 08, 2019 6:57:30 PM main.java.views.users.LoginFrame$2 actionPerformed
INFO: Login: aaa, Role: Manager
Jul 08, 2019 7:07:55 PM main.Main main
INFO: System Run
Jul 08, 2019 8:04:13 PM main.Main main
INFO: System Run
Jul 08, 2019 8:04:15 PM main.java.views.users.LoginFrame$2 actionPerformed
INFO: Login: aaa, Role: Manager
Jul 08, 2019 8:06:58 PM main.Main main
INFO: System Run
Jul 08, 2019 8:07:07 PM main.java.views.users.LoginFrame$2 actionPerformed
INFO: Login: aaa, Role: Manager
Jul 08, 2019 8:09:27 PM main.Main main
INFO: System Run
Jul 08, 2019 8:09:31 PM main.java.views.users.LoginFrame$2 actionPerformed
INFO: Login: aaa, Role: Manager
Jul 08, 2019 8:11:03 PM main.Main main
INFO: System Run
Jul 08, 2019 8:11:05 PM main.java.views.users.LoginFrame$2 actionPerformed
INFO: Login: aaa, Role: Manager
Jul 08, 2019 8:12:56 PM main.Main main
INFO: System Run
Jul 08, 2019 8:24:31 PM main.Main main
INFO: System Run
Jul 08, 2019 8:24:33 PM main.java.views.users.LoginFrame$2 actionPerformed
INFO: Login: ff, Role: Manager
Jul 08, 2019 8:29:09 PM main.java.views.dashboard.DashboardFrame$1 windowClosing
INFO: System Exit
Jul 08, 2019 8:31:37 PM main.Main main
INFO: System Run
Jul 08, 2019 8:31:41 PM main.java.views.users.LoginFrame$2 actionPerformed
INFO: Login: aaa, Role: Manager
Jul 08, 2019 8:35:12 PM main.Main main
INFO: System Run
Jul 08, 2019 8:35:15 PM main.java.views.users.LoginFrame$2 actionPerformed
INFO: Login: aaa, Role: Manager
Jul 08, 2019 8:36:59 PM main.Main main
INFO: System Run
Jul 08, 2019 8:37:02 PM main.java.views.users.LoginFrame$2 actionPerformed
INFO: Login: aaa, Role: Manager
Jul 08, 2019 8:38:07 PM main.Main main
INFO: System Run
Jul 08, 2019 8:38:10 PM main.java.views.users.LoginFrame$2 actionPerformed
INFO: Login: aaa, Role: Manager
Jul 08, 2019 8:38:49 PM main.java.views.users.LoginFrame$2 actionPerformed
INFO: Login: aaa, Role: Manager
Jul 08, 2019 8:39:39 PM main.Main main
INFO: System Run
Jul 08, 2019 8:39:42 PM main.java.views.users.LoginFrame$2 actionPerformed
INFO: Login: aaa, Role: Manager
Jul 08, 2019 8:41:26 PM main.Main main
INFO: System Run
Jul 08, 2019 8:41:29 PM main.java.views.users.LoginFrame$2 actionPerformed
INFO: Login: aaa, Role: Manager
Jul 08, 2019 8:43:01 PM main.Main main
INFO: System Run
Jul 08, 2019 8:43:04 PM main.java.views.users.LoginFrame$2 actionPerformed
INFO: Login: aaa, Role: Manager
Jul 08, 2019 8:43:34 PM main.Main main
INFO: System Run
Jul 08, 2019 8:43:37 PM main.java.views.users.LoginFrame$2 actionPerformed
INFO: Login: aaa, Role: Manager
Jul 08, 2019 8:45:00 PM main.Main main
INFO: System Run
Jul 08, 2019 8:45:05 PM main.java.views.users.LoginFrame$2 actionPerformed
INFO: Login: aaa, Role: Manager
Jul 08, 2019 8:52:02 PM main.Main main
INFO: System Run
Jul 08, 2019 8:52:04 PM main.java.views.users.LoginFrame$2 actionPerformed
INFO: Login: aaa, Role: Manager
Jul 08, 2019 8:53:15 PM main.Main main
INFO: System Run
Jul 08, 2019 8:53:18 PM main.java.views.users.LoginFrame$2 actionPerformed
INFO: Login: aaa, Role: Manager
Jul 08, 2019 8:54:06 PM main.Main main
INFO: System Run
Jul 08, 2019 8:54:09 PM main.java.views.users.LoginFrame$2 actionPerformed
INFO: Login: aaa, Role: Manager
Jul 08, 2019 9:02:36 PM main.Main main
INFO: System Run
Jul 08, 2019 9:02:41 PM main.java.views.users.LoginFrame$2 actionPerformed
INFO: Login: aaa, Role: Manager
Jul 08, 2019 9:03:13 PM main.Main main
INFO: System Run
Jul 08, 2019 9:03:16 PM main.java.views.users.LoginFrame$2 actionPerformed
INFO: Login: aaa, Role: Manager
Jul 09, 2019 10:15:39 AM main.Main main
INFO: System Run
Jul 09, 2019 10:15:48 AM main.java.views.users.LoginFrame$2 actionPerformed
INFO: Login: aaa, Role: Manager
Jul 09, 2019 10:16:42 AM main.java.views.users.LoginFrame$2 actionPerformed
INFO: Login: cc, Role: Staff
Jul 09, 2019 10:17:55 AM main.java.views.users.LoginFrame$2 actionPerformed
INFO: Login: cc, Role: Staff
Jul 09, 2019 10:18:07 AM main.java.views.users.LoginFrame$2 actionPerformed
INFO: Login: aaa, Role: Manager
Jul 09, 2019 10:19:10 AM main.java.views.users.LoginFrame$1 windowClosing
INFO: System Exit
Jul 10, 2019 1:34:51 PM main.Main main
INFO: System Run
Jul 10, 2019 1:35:04 PM main.java.views.users.LoginFrame$2 actionPerformed
INFO: Login: aaa, Role: Manager
Jul 10, 2019 1:39:51 PM main.java.views.dashboard.DashboardFrame$1 windowClosing
INFO: System Exit
Jul 10, 2019 1:45:38 PM main.Main main
INFO: System Run
Jul 10, 2019 1:45:41 PM main.java.views.users.LoginFrame$2 actionPerformed
INFO: Login: aaa, Role: Manager
Jul 10, 2019 1:46:06 PM main.Main main
INFO: System Run
Jul 10, 2019 1:46:10 PM main.java.views.users.LoginFrame$2 actionPerformed
INFO: Login: aaa, Role: Manager
Jul 10, 2019 1:46:49 PM main.Main main
INFO: System Run
Jul 10, 2019 1:46:53 PM main.java.views.users.LoginFrame$2 actionPerformed
INFO: Login: aaa, Role: Manager
Jul 10, 2019 4:59:23 PM main.Main main
INFO: System Run
Jul 10, 2019 4:59:33 PM main.java.views.users.LoginFrame lambda$new$0
INFO: Login: aaa, Role: Manager
Jul 10, 2019 5:32:57 PM main.Main main
INFO: System Run
Jul 10, 2019 5:33:00 PM main.java.views.users.LoginFrame lambda$new$0
INFO: Login: aaa, Role: Manager
Jul 10, 2019 5:37:06 PM main.Main main
INFO: System Run
Jul 10, 2019 5:37:09 PM main.java.views.users.LoginFrame lambda$new$0
INFO: Login: aaa, Role: Manager
Jul 10, 2019 6:18:46 PM main.Main main
INFO: System Run
Jul 10, 2019 6:20:45 PM main.java.views.users.LoginFrame$1 windowClosing
INFO: System Exit
Jul 10, 2019 7:03:03 PM main.Main main
INFO: System Run
Jul 10, 2019 7:03:07 PM main.java.views.users.LoginFrame lambda$new$0
INFO: Login: aaa, Role: Manager
Jul 11, 2019 2:22:16 PM main.Main main
INFO: System Run
Jul 11, 2019 2:22:19 PM main.java.views.users.LoginFrame lambda$new$0
INFO: Login: aaa, Role: Manager
Jul 11, 2019 2:23:15 PM main.java.views.dashboard.DashboardFrame$2 actionPerformed
INFO: Sign Out: aaa, Role: Manager
Jul 11, 2019 2:27:49 PM main.java.views.users.LoginFrame$1 windowClosing
INFO: System Exit
Jul 11, 2019 3:36:00 PM main.Main main
INFO: System Run
Jul 11, 2019 3:36:03 PM main.java.views.users.LoginFrame lambda$new$0
INFO: Login: aaa, Role: Manager
Jul 11, 2019 3:37:08 PM main.Main main
INFO: System Run
Jul 11, 2019 3:37:12 PM main.java.views.users.LoginFrame lambda$new$0
INFO: Login: aaa, Role: Manager
Jul 11, 2019 3:43:09 PM main.Main main
INFO: System Run
Jul 11, 2019 3:43:12 PM main.java.views.users.LoginFrame lambda$new$0
INFO: Login: aaa, Role: Manager
Jul 17, 2019 12:16:49 PM main.Main main
INFO: System Run
Jul 17, 2019 12:16:54 PM main.java.views.users.LoginFrame lambda$new$0
INFO: Login: aaa, Role: Manager
Jul 17, 2019 12:17:10 PM main.java.views.users.LoginFrame$1 windowClosing
INFO: System Exit
Jul 17, 2019 12:32:10 PM main.Main main
INFO: System Run
Jul 17, 2019 12:32:13 PM main.java.views.users.LoginFrame lambda$new$0
INFO: Login: aaa, Role: Manager
Jul 17, 2019 12:32:23 PM main.java.views.users.LoginFrame$1 windowClosing
INFO: System Exit
Jul 17, 2019 12:34:02 PM main.Main main
INFO: System Run
Jul 17, 2019 12:34:04 PM main.java.views.users.LoginFrame lambda$new$0
INFO: Login: aaa, Role: Manager
Jul 17, 2019 12:36:18 PM main.java.views.dashboard.DashboardFrame$1 windowClosing
INFO: System Exit
Jul 17, 2019 12:38:08 PM main.Main main
INFO: System Run
Jul 17, 2019 12:38:11 PM main.java.views.users.LoginFrame lambda$new$0
INFO: Login: aaa, Role: Manager
Jul 17, 2019 12:40:25 PM main.Main main
INFO: System Run
Jul 17, 2019 12:40:27 PM main.java.views.users.LoginFrame$1 windowClosing
INFO: System Exit
Jul 17, 2019 12:40:37 PM main.Main main
INFO: System Run
Jul 17, 2019 12:40:45 PM main.java.views.users.LoginFrame lambda$new$0
INFO: Login: aaa, Role: Manager
Jul 17, 2019 12:45:07 PM main.Main main
INFO: System Run
Jul 17, 2019 12:46:38 PM main.java.views.users.LoginFrame$1 windowClosing
INFO: System Exit
Jul 17, 2019 2:06:53 PM main.Main main
INFO: System Run
Jul 17, 2019 2:07:00 PM main.java.views.users.LoginFrame lambda$new$0
INFO: Login: aaa, Role: Manager
Jul 17, 2019 2:07:53 PM main.java.views.dashboard.DashboardFrame lambda$new$0
INFO: Sign Out: aaa, Role: Manager
Jul 17, 2019 2:07:56 PM main.java.views.users.LoginFrame$1 windowClosing
INFO: System Exit
Jul 17, 2019 2:13:22 PM main.Main main
INFO: System Run
Jul 17, 2019 2:13:25 PM main.java.views.users.LoginFrame lambda$new$0
INFO: Login: aaa, Role: Manager
Jul 17, 2019 2:19:59 PM main.Main main
INFO: System Run
Jul 17, 2019 2:20:02 PM main.java.views.users.LoginFrame lambda$new$0
INFO: Login: aaa, Role: Manager
Jul 17, 2019 2:20:13 PM main.Main main
INFO: System Run
Jul 17, 2019 2:20:15 PM main.java.views.users.LoginFrame lambda$new$0
INFO: Login: aaa, Role: Manager
Jul 17, 2019 2:21:48 PM main.Main main
INFO: System Run
Jul 17, 2019 2:21:53 PM main.java.views.users.LoginFrame lambda$new$0
INFO: Login: aaa, Role: Manager
Jul 17, 2019 2:22:02 PM main.java.views.users.LoginFrame$1 windowClosing
INFO: System Exit
Jul 17, 2019 2:22:20 PM main.Main main
INFO: System Run
Jul 17, 2019 2:22:26 PM main.java.views.users.LoginFrame lambda$new$0
INFO: Login: aaa, Role: Manager
Jul 17, 2019 2:22:34 PM main.java.views.users.LoginFrame lambda$new$0
INFO: Login: aaa, Role: Manager
Jul 17, 2019 2:24:22 PM main.Main main
INFO: System Run
Jul 17, 2019 2:24:25 PM main.java.views.users.LoginFrame lambda$new$0
INFO: Login: aaa, Role: Manager
Jul 17, 2019 2:28:21 PM main.Main main
INFO: System Run
Jul 17, 2019 2:28:25 PM main.java.views.users.LoginFrame lambda$new$0
INFO: Login: aaa, Role: Manager
Jul 17, 2019 2:28:39 PM main.Main main
INFO: System Run
Jul 17, 2019 2:28:41 PM main.java.views.users.LoginFrame lambda$new$0
INFO: Login: aaa, Role: Manager
Jul 17, 2019 2:28:51 PM main.Main main
INFO: System Run
Jul 17, 2019 2:28:54 PM main.java.views.users.LoginFrame lambda$new$0
INFO: Login: aaa, Role: Manager
Jul 17, 2019 2:29:13 PM main.java.views.dashboard.DashboardFrame$1 windowClosing
INFO: System Exit
Jul 17, 2019 3:04:33 PM main.Main main
INFO: System Run
Jul 17, 2019 3:04:37 PM main.java.views.users.LoginFrame lambda$new$0
INFO: Login: aaa, Role: Manager
Jul 17, 2019 3:06:29 PM main.Main main
INFO: System Run
Jul 17, 2019 3:06:33 PM main.java.views.users.LoginFrame lambda$new$0
INFO: Login: aaa, Role: Manager
Jul 17, 2019 3:07:46 PM main.java.views.users.LoginFrame$1 windowClosing
INFO: System Exit
Jul 17, 2019 3:07:49 PM main.Main main
INFO: System Run
Jul 17, 2019 3:07:54 PM main.java.views.users.LoginFrame lambda$new$0
INFO: Login: aaa, Role: Manager
Jul 17, 2019 3:20:26 PM main.Main main
INFO: System Run
Jul 17, 2019 3:20:29 PM main.java.views.users.LoginFrame lambda$new$0
INFO: Login: aaa, Role: Manager
Jul 17, 2019 3:21:54 PM main.Main main
INFO: System Run
Jul 17, 2019 3:21:59 PM main.java.views.users.LoginFrame lambda$new$0
INFO: Login: aaa, Role: Manager
Jul 17, 2019 3:23:20 PM main.java.views.users.LoginFrame$1 windowClosing
INFO: System Exit
Jul 17, 2019 4:30:48 PM main.Main main
INFO: System Run
Jul 17, 2019 4:30:59 PM main.java.views.users.LoginFrame$1 windowClosing
INFO: System Exit
Jul 17, 2019 4:31:05 PM main.Main main
INFO: System Run
Jul 17, 2019 4:31:08 PM main.java.views.users.LoginFrame lambda$new$0
INFO: Login: aaa, Role: Manager
Jul 17, 2019 4:38:38 PM main.Main main
INFO: System Run
Jul 17, 2019 4:38:41 PM main.java.views.users.LoginFrame lambda$new$0
INFO: Login: aaa, Role: Manager
Jul 17, 2019 4:43:04 PM main.Main main
INFO: System Run
Jul 17, 2019 4:43:07 PM main.java.views.users.LoginFrame lambda$new$0
INFO: Login: aaa, Role: Manager
Jul 17, 2019 4:43:16 PM main.java.views.users.LoginFrame lambda$new$0
INFO: Login: aaa, Role: Manager
Jul 17, 2019 4:43:29 PM main.java.views.users.LoginFrame$1 windowClosing
INFO: System Exit
Jul 17, 2019 4:44:30 PM main.Main main
INFO: System Run
Jul 17, 2019 4:44:35 PM main.java.views.users.LoginFrame$1 windowClosing
INFO: System Exit
Jul 17, 2019 4:44:52 PM main.Main main
INFO: System Run
Jul 17, 2019 4:45:21 PM main.java.views.users.LoginFrame$1 windowClosing
INFO: System Exit
Jul 17, 2019 5:15:43 PM main.Main main
INFO: System Run
Jul 17, 2019 5:16:08 PM main.java.views.dashboard.DashboardFrame$2 actionPerformed
INFO: Sign Out: ddd, Role: Staff
Jul 17, 2019 5:16:36 PM main.java.views.dashboard.DashboardFrame$2 actionPerformed
INFO: Sign Out: ddd, Role: Staff
Jul 17, 2019 5:16:39 PM main.java.views.users.LoginFrame$1 windowClosing
INFO: System Exit
Jul 17, 2019 6:27:48 PM main.Main main
INFO: System Run
Jul 17, 2019 6:27:53 PM main.java.views.users.LoginFrame lambda$new$0
INFO: Login: aaa, Role: Manager
Jul 17, 2019 6:28:14 PM main.java.views.dashboard.DashboardFrame$1 windowClosing
INFO: System Exit
Jul 17, 2019 7:48:09 PM main.Main main
INFO: System Run
Jul 17, 2019 7:48:27 PM main.java.views.users.LoginFrame$1 windowClosing
INFO: System Exit
Jul 17, 2019 8:14:59 PM main.Main main
INFO: System Run
Jul 17, 2019 8:15:10 PM main.java.views.users.LoginFrame lambda$new$0
INFO: Login: aaa, Role: Manager
Jul 17, 2019 8:16:02 PM main.java.views.dashboard.DashboardFrame$1 windowClosing
INFO: System Exit
Jul 17, 2019 8:17:10 PM main.Main main
INFO: System Run
Jul 17, 2019 8:18:28 PM main.Main main
INFO: System Run
Jul 17, 2019 9:05:21 PM main.Main main
INFO: System Run
Jul 17, 2019 9:05:25 PM main.java.views.users.LoginFrame lambda$new$0
INFO: Login: aaa, Role: Manager
Jul 17, 2019 9:17:59 PM main.Main main
INFO: System Run
Jul 17, 2019 9:18:02 PM main.java.views.users.LoginFrame$1 windowClosing
INFO: System Exit
Jul 31, 2019 4:36:54 PM main.Main main
INFO: System Run
Jul 31, 2019 4:36:57 PM main.java.views.users.LoginFrame lambda$new$0
INFO: Login: aaa, Role: Manager
Jul 31, 2019 4:37:10 PM main.java.views.users.LoginFrame$1 windowClosing
INFO: System Exit
Jul 31, 2019 4:40:52 PM main.Main main
INFO: System Run
Jul 31, 2019 4:44:41 PM main.java.views.dashboard.DashboardFrame lambda$new$0
INFO: Sign Out: fff, Role: Staff
Jul 31, 2019 4:44:47 PM main.java.views.users.LoginFrame lambda$new$0
INFO: Login: aaa, Role: Manager
Oct 01, 2019 3:47:24 PM main.Main main
INFO: System Run
Oct 01, 2019 3:47:35 PM main.java.views.users.LoginFrame lambda$new$0
INFO: Login: aaa, Role: Manager
Dec 30, 2019 1:23:47 PM main.Main main
INFO: System Run
Dec 30, 2019 1:23:53 PM main.java.views.users.LoginFrame lambda$new$0
INFO: Login: aaa, Role: Manager
Jan 27, 2020 10:34:14 PM main.Main main
INFO: System Run
Feb 12, 2020 10:46:22 AM main.Main main
INFO: System Run
Feb 12, 2020 10:51:54 AM main.java.views.users.LoginFrame lambda$new$0
INFO: Login: aaa, Role: Manager
Feb 12, 2020 10:59:49 AM main.java.views.dashboard.DashboardFrame$1 windowClosing
INFO: System Exit
Feb 19, 2020 11:37:36 AM main.Main main
INFO: System Run
Feb 19, 2020 11:40:39 AM main.java.views.dashboard.DashboardFrame lambda$new$0
INFO: Sign Out: aaa, Role: Manager
Mar 09, 2020 7:28:20 PM main.Main main
INFO: System Run
Mar 09, 2020 7:28:25 PM main.java.views.users.LoginFrame lambda$new$0
INFO: Login: aaa, Role: Manager
